<?xml version="1.0" encoding="UTF-8"?>
<!-- Generated by org.testng.reporters.JUnitXMLReporter -->
<testsuite ignored="0" hostname="DESKTOP-RMDCP2H" failures="1" tests="1" name="Test" time="19.678" errors="0" timestamp="2023-10-23T13:49:03 IST">
  <testcase classname="io.cucumber.testng.AbstractTestNGCucumberTests" name="runScenario" time="17.878">
    <failure type="java.lang.AssertionError" message="expected [true] but found [false]">
      <![CDATA[java.lang.AssertionError: expected [true] but found [false]
at com.steps.NewsSteps.two_or_more_articles_should_be_displayed(NewsSteps.java:41)
at ✽.Two or more articles should be displayed.(file:///C:/Users/Shelendra%20Kumar/Desktop/TrainingFramework/Theguardian-Automation/src/test/resources/FeatureFiles/NewsValidation.feature:12)
... Removed 4 stack frames]]>
    </failure>
  </testcase> <!-- runScenario -->
</testsuite> <!-- Test -->
