<?xml version="1.0" encoding="UTF-8"?>
<testsuite xmlns:xsi="http://www.w3.org/2001/XMLSchema-instance" xsi:noNamespaceSchemaLocation="https://maven.apache.org/surefire/maven-surefire-plugin/xsd/surefire-test-report-3.0.xsd" version="3.0" name="TestSuite" time="19.251" tests="1" errors="0" skipped="0" failures="0">
  <properties>
[...]
</properties>
  <testcase name="runScenario[&quot;First News Artical is valid.&quot;, &quot;The Guardian News validation scenarios.&quot;](1)" classname="com.runners.NewsRunnerTest" time="16.581">
    <system-out><![CDATA[22.10.2023 16:50:43,901 INFO  BrowserFactory:18 - Browser name to create driver object is Chrome
22.10.2023 16:50:47,736 INFO  BrowserFactory:21 - Chrome Browser is launched
22.10.2023 16:50:47,737 INFO  BaseTest:34 - Driver is created
22.10.2023 16:50:47,739 INFO  BaseTest:36 - Driver object is added to Driver thread pool.
22.10.2023 16:50:47,883 INFO  BaseTest:38 - Browser is maximized
22.10.2023 16:50:49,961 INFO  ExplicitWaitActions:25 - News Text is avaialble on screen
22.10.2023 16:50:50,300 INFO  ExplicitWaitActions:25 - First News Article is avaialble on screen
22.10.2023 16:50:50,335 INFO  BasePage:70 - [India v New Zealand: Cricket World Cup 2023 – live] is a text value of [First News Article]
22.10.2023 16:50:52,179 INFO  ExplicitWaitActions:40 - Stay Signout Btn is clickable on screen
22.10.2023 16:50:52,327 INFO  BasePage:32 - Stay Signout Btnis clicked.
22.10.2023 16:50:52,373 INFO  ExplicitWaitActions:25 - Search Text Box is avaialble on screen
22.10.2023 16:50:52,425 INFO  BasePage:40 - Search Text Boxis cleared.
22.10.2023 16:50:52,820 INFO  BasePage:42 - Search Text Box value is entered in India v New Zealand: Cricket World Cup 2023 – live
22.10.2023 16:50:52,862 INFO  ExplicitWaitActions:25 - Search Text Box is avaialble on screen
Text to search is :India
Title is :India vs New Zealand Live Score, World Cup 2023 - Sportstar
Title is :India vs New Zealand Live Score Updates, World Cup 2023
Title is :India vs New Zealand Live Score, World Cup 2023
Title is :India vs New Zealand World Cup 2023 LIVE score
Title is :Live Report - India vs New Zealand
Title is :India Vs New Zealand LIVE Score and Updates, Cricket ...
Title is :LIVE: India vs New Zealand – ICC Cricket World Cup 2023
Title is :NZ: 167-2 (32) | IND Vs NZ ICC ODI World Cup 2023 Live ...
Title is :India vs New Zealand Live Score World Cup 2023: IND feel ...
Title is :More results
Title is :
Match count is :8
]]></system-out>
    <system-err><![CDATA[SLF4J: Failed to load class "org.slf4j.impl.StaticLoggerBinder".
SLF4J: Defaulting to no-operation (NOP) logger implementation
SLF4J: See http://www.slf4j.org/codes.html#StaticLoggerBinder for further details.
Oct 22, 2023 4:50:47 PM org.openqa.selenium.devtools.CdpVersionFinder findNearestMatch
WARNING: Unable to find an exact match for CDP version 118, so returning the closest version found: 116
]]></system-err>
  </testcase>
</testsuite>