<?xml version="1.0" encoding="UTF-8"?>
<testng-results ignored="0" total="1" passed="1" failed="0" skipped="0">
  <reporter-output>
  </reporter-output>
  <suite started-at="2023-10-22T16:50:41 IST" name="Suite" finished-at="2023-10-22T16:50:59 IST" duration-ms="18036">
    <groups>
      <group name="cucumber">
        <method signature="AbstractTestNGCucumberTests.runScenario(io.cucumber.testng.PickleWrapper,io.cucumber.testng.FeatureWrapper)[pri:0, instance:com.runners.NewsRunnerTest@7d9d0818]" name="runScenario" class="io.cucumber.testng.AbstractTestNGCucumberTests"/>
      </group> <!-- cucumber -->
    </groups>
    <test started-at="2023-10-22T16:50:41 IST" name="Test" finished-at="2023-10-22T16:50:59 IST" duration-ms="18036">
      <class name="com.runners.NewsRunnerTest">
        <test-method is-config="true" signature="setUpClass(org.testng.ITestContext)[pri:0, instance:com.runners.NewsRunnerTest@7d9d0818]" started-at="2023-10-22T16:50:41 IST" name="setUpClass" finished-at="2023-10-22T16:50:42 IST" duration-ms="838" status="PASS">
          <params>
            <param index="0">
              <value>
                <![CDATA[org.testng.TestRunner@1934339]]>
              </value>
            </param>
          </params>
          <reporter-output>
          </reporter-output>
        </test-method> <!-- setUpClass -->
        <test-method signature="runScenario(io.cucumber.testng.PickleWrapper,io.cucumber.testng.FeatureWrapper)[pri:0, instance:com.runners.NewsRunnerTest@7d9d0818]" started-at="2023-10-22T16:50:42 IST" name="runScenario" description="Runs Cucumber Scenarios" data-provider="scenarios" finished-at="2023-10-22T16:50:59 IST" duration-ms="16578" status="PASS">
          <params>
            <param index="0">
              <value>
                <![CDATA["First News Artical is valid."]]>
              </value>
            </param>
            <param index="1">
              <value>
                <![CDATA["The Guardian News validation scenarios."]]>
              </value>
            </param>
          </params>
          <reporter-output>
          </reporter-output>
        </test-method> <!-- runScenario -->
        <test-method is-config="true" signature="tearDownClass()[pri:0, instance:com.runners.NewsRunnerTest@7d9d0818]" started-at="2023-10-22T16:50:59 IST" name="tearDownClass" finished-at="2023-10-22T16:50:59 IST" duration-ms="545" status="PASS">
          <reporter-output>
          </reporter-output>
        </test-method> <!-- tearDownClass -->
      </class> <!-- com.runners.NewsRunnerTest -->
    </test> <!-- Test -->
  </suite> <!-- Suite -->
</testng-results>
