<?xml version="1.0" encoding="UTF-8"?>
<!-- Generated by org.testng.reporters.JUnitReportReporter -->
<testsuite hostname="DESKTOP-RMDCP2H" failures="1" tests="1" name="com.runners.NewsRunnerTest" time="17.878" errors="0" timestamp="2023-10-23T13:49:04 IST" skipped="0">
  <testcase classname="com.runners.NewsRunnerTest" name="runScenario" time="17.878">
    <failure message="expected [true] but found [false]" type="java.lang.AssertionError">
      <![CDATA[java.lang.AssertionError: expected [true] but found [false]
at org.testng.Assert.fail(Assert.java:111)
at org.testng.Assert.failNotEquals(Assert.java:1578)
at org.testng.Assert.assertTrue(Assert.java:57)
at org.testng.Assert.assertTrue(Assert.java:67)
at com.steps.NewsSteps.two_or_more_articles_should_be_displayed(NewsSteps.java:41)
at ✽.Two or more articles should be displayed.(file:///C:/Users/Shelendra%20Kumar/Desktop/TrainingFramework/Theguardian-Automation/src/test/resources/FeatureFiles/NewsValidation.feature:12)
]]>
    </failure>
  </testcase> <!-- runScenario -->
</testsuite> <!-- com.runners.NewsRunnerTest -->
